TN:
SF:C:\Users\Agare Efe Knowledge\Desktop\SendIt\SendIT\server\src/index.js
FN:22,(anonymous_1)
FN:28,(anonymous_2)
FN:39,(anonymous_3)
FNF:3
FNH:1
FNDA:0,(anonymous_1)
FNDA:0,(anonymous_2)
FNDA:1,(anonymous_3)
DA:1,1
DA:2,1
DA:3,1
DA:4,1
DA:5,1
DA:6,1
DA:8,1
DA:9,1
DA:12,1
DA:13,1
DA:14,1
DA:15,1
DA:18,1
DA:19,1
DA:22,1
DA:23,0
DA:24,0
DA:25,0
DA:28,1
DA:29,0
DA:30,0
DA:39,1
LF:22
LH:17
BRDA:8,0,0,1
BRDA:8,0,1,1
BRDA:29,1,0,0
BRDA:29,1,1,0
BRF:4
BRH:2
end_of_record
TN:
SF:C:\Users\Agare Efe Knowledge\Desktop\SendIt\SendIT\server\src\controllers/parcelController.js
FN:33,(anonymous_8)
FN:62,(anonymous_10)
FN:137,(anonymous_12)
FNF:3
FNH:2
FNDA:3,(anonymous_8)
FNDA:0,(anonymous_10)
FNDA:4,(anonymous_12)
DA:1,1
DA:2,1
DA:19,1
DA:32,1
DA:33,3
DA:35,1
DA:36,1
DA:43,0
DA:61,0
DA:62,0
DA:64,0
DA:65,0
DA:68,0
DA:69,0
DA:74,0
DA:75,0
DA:76,0
DA:77,0
DA:78,0
DA:79,0
DA:80,0
DA:81,0
DA:82,0
DA:83,0
DA:84,0
DA:85,0
DA:87,0
DA:88,0
DA:89,0
DA:95,0
DA:117,0
DA:118,0
DA:136,1
DA:137,4
DA:139,1
DA:140,0
DA:143,1
DA:144,0
DA:149,1
DA:150,1
DA:151,1
DA:152,1
DA:153,1
DA:154,1
DA:155,1
DA:156,1
DA:157,1
DA:158,1
DA:159,1
DA:160,1
DA:162,1
DA:163,1
DA:164,0
DA:170,1
DA:192,1
DA:193,1
DA:203,1
DA:204,1
DA:205,1
DA:206,1
DA:207,1
DA:208,1
DA:209,1
DA:210,1
DA:211,1
DA:212,1
DA:213,1
DA:216,1
DA:217,1
DA:218,0
DA:223,1
DA:245,1
DA:246,1
LF:73
LH:44
BRDA:35,0,0,1
BRDA:35,0,1,0
BRDA:64,1,0,0
BRDA:64,1,1,0
BRDA:68,2,0,0
BRDA:68,2,1,0
BRDA:68,3,0,0
BRDA:68,3,1,0
BRDA:88,4,0,0
BRDA:88,4,1,0
BRDA:139,5,0,0
BRDA:139,5,1,1
BRDA:143,6,0,0
BRDA:143,6,1,1
BRDA:143,7,0,1
BRDA:143,7,1,1
BRDA:163,8,0,0
BRDA:163,8,1,1
BRDA:217,9,0,0
BRDA:217,9,1,1
BRF:20
BRH:7
end_of_record
TN:
SF:C:\Users\Agare Efe Knowledge\Desktop\SendIt\SendIT\server\src\controllers/userController.js
FN:20,(anonymous_7)
FN:21,(anonymous_8)
FNF:2
FNH:2
FNDA:2,(anonymous_7)
FNDA:4,(anonymous_8)
DA:1,1
DA:2,1
DA:19,1
DA:20,2
DA:21,4
DA:23,1
DA:24,1
DA:31,0
LF:8
LH:7
BRDA:23,0,0,1
BRDA:23,0,1,0
BRF:2
BRH:1
end_of_record
TN:
SF:C:\Users\Agare Efe Knowledge\Desktop\SendIt\SendIT\server\src\models/parcels.js
FNF:0
FNH:0
DA:1,1
LF:1
LH:1
BRF:0
BRH:0
end_of_record
TN:
SF:C:\Users\Agare Efe Knowledge\Desktop\SendIt\SendIT\server\src\models/users.js
FNF:0
FNH:0
DA:1,1
LF:1
LH:1
BRF:0
BRH:0
end_of_record
TN:
SF:C:\Users\Agare Efe Knowledge\Desktop\SendIt\SendIT\server\src\routes/parcelRoute.js
FNF:0
FNH:0
DA:1,1
DA:2,1
DA:4,1
DA:6,1
DA:10,1
DA:14,1
LF:6
LH:6
BRF:0
BRH:0
end_of_record
TN:
SF:C:\Users\Agare Efe Knowledge\Desktop\SendIt\SendIT\server\src\routes/userRoute.js
FNF:0
FNH:0
DA:1,1
DA:2,1
DA:4,1
DA:7,1
LF:4
LH:4
BRF:0
BRH:0
end_of_record
TN:
SF:C:\Users\Agare Efe Knowledge\Desktop\SendIt\SendIT\server\src\tests/getAllParcelTest.js
FN:7,(anonymous_2)
FN:8,(anonymous_3)
FN:11,(anonymous_4)
FNF:3
FNH:3
FNDA:1,(anonymous_2)
FNDA:1,(anonymous_3)
FNDA:1,(anonymous_4)
DA:1,1
DA:2,1
DA:3,1
DA:6,1
DA:7,1
DA:8,1
DA:9,1
DA:12,1
DA:13,1
DA:14,1
LF:10
LH:10
BRF:0
BRH:0
end_of_record
TN:
SF:C:\Users\Agare Efe Knowledge\Desktop\SendIt\SendIT\server\src\tests/parcelTest.js
FN:8,(anonymous_2)
FN:9,(anonymous_3)
FN:13,(anonymous_4)
FN:21,(anonymous_5)
FN:22,(anonymous_6)
FN:45,(anonymous_7)
FN:54,(anonymous_8)
FN:55,(anonymous_9)
FN:80,(anonymous_10)
FNF:9
FNH:9
FNDA:1,(anonymous_2)
FNDA:1,(anonymous_3)
FNDA:1,(anonymous_4)
FNDA:1,(anonymous_5)
FNDA:1,(anonymous_6)
FNDA:1,(anonymous_7)
FNDA:1,(anonymous_8)
FNDA:1,(anonymous_9)
FNDA:1,(anonymous_10)
DA:1,1
DA:2,1
DA:3,1
DA:4,1
DA:7,1
DA:8,1
DA:9,1
DA:10,1
DA:14,1
DA:15,1
DA:16,1
DA:21,1
DA:22,1
DA:23,1
DA:46,1
DA:47,1
DA:48,1
DA:49,1
DA:54,1
DA:55,1
DA:56,1
DA:81,1
DA:82,1
DA:83,1
DA:84,1
LF:25
LH:25
BRF:0
BRH:0
end_of_record
TN:
SF:C:\Users\Agare Efe Knowledge\Desktop\SendIt\SendIT\server\src\tests/userTest.js
FN:6,(anonymous_2)
FN:7,(anonymous_3)
FN:10,(anonymous_4)
FNF:3
FNH:3
FNDA:1,(anonymous_2)
FNDA:1,(anonymous_3)
FNDA:1,(anonymous_4)
DA:1,1
DA:2,1
DA:3,1
DA:5,1
DA:6,1
DA:7,1
DA:8,1
DA:11,1
DA:12,1
DA:13,1
LF:10
LH:10
BRF:0
BRH:0
end_of_record
